<?xml version="1.0" encoding="UTF-8"?>
<!-- Generated by org.testng.reporters.JUnitReportReporter -->
<testsuite skipped="0" hostname="PS-DESKTOP-DP3RBS8" name="com.TempProj.Tests.SampleTest1" tests="3" failures="0" timestamp="2020-08-09T17:24:08 IST" time="0.028" errors="0">
  <testcase name="testNG2" time="0.000" classname="com.TempProj.Tests.SampleTest1"/>
  <system-out/>
  <testcase name="testNG3" time="0.020" classname="com.TempProj.Tests.SampleTest1"/>
  <system-out/>
  <testcase name="testNG1" time="0.008" classname="com.TempProj.Tests.SampleTest1"/>
  <system-out/>
</testsuite> <!-- com.TempProj.Tests.SampleTest1 -->
